<?xml version="1.0" encoding="UTF-8"?>
<!-- Generated by org.testng.reporters.JUnitXMLReporter -->
<testsuite ignored="2" hostname="Yogesh-Personal" failures="0" tests="2" name="Default test" time="36.949" errors="0" timestamp="2022-07-11T09:07:59 IST">
  <testcase classname="TestCases.LoginPageTest" name="loginToAppTest" time="2.541"/>
  <testcase classname="TestCases.LoginPageTest" name="verifyTitleTest" time="0.017"/>
  <testcase classname="TestCases.LoginPageTest" name="verifyKiteLogoTest" time="0.0">
    <ignored/>
  </testcase> <!-- verifyKiteLogoTest -->
  <testcase classname="TestCases.LoginPageTest" name="verifyZerodhaLogoTest" time="0.0">
    <ignored/>
  </testcase> <!-- verifyZerodhaLogoTest -->
</testsuite> <!-- Default test -->
