<?xml version="1.0" encoding="UTF-8"?>
<!-- Generated by org.testng.reporters.JUnitXMLReporter -->
<testsuite ignored="0" hostname="Yogesh-Personal" failures="0" tests="3" name="Test" time="127.663" errors="0" timestamp="2022-06-20T13:13:47 IST">
  <testcase classname="TestCases.ParallelExcution" name="openAmazon" time="61.568"/>
  <testcase classname="TestCases.ParallelExcution" name="openFb" time="21.113"/>
  <testcase classname="TestCases.ParallelExcution" name="openFlipkart" time="44.856"/>
</testsuite> <!-- Test -->
