<?xml version="1.0" encoding="UTF-8"?>
<!-- Generated by org.testng.reporters.JUnitXMLReporter -->
<testsuite ignored="3" hostname="Yogesh-Personal" failures="0" tests="1" name="Default test(failed)(failed)" time="10.224" errors="0" timestamp="2022-06-16T17:51:52 IST">
  <testcase classname="TestCases.DuplicateLoginTest" name="verifyKiteLogoTest" time="0.093"/>
  <testcase classname="TestCases.DuplicateLoginTest" name="verifyTitleTest" time="0.0">
    <ignored/>
  </testcase> <!-- verifyTitleTest -->
  <testcase classname="TestCases.DuplicateLoginTest" name="verifyZerodhaLogoTest" time="0.0">
    <ignored/>
  </testcase> <!-- verifyZerodhaLogoTest -->
  <testcase classname="TestCases.DuplicateLoginTest" name="loginToAppTest" time="0.0">
    <ignored/>
  </testcase> <!-- loginToAppTest -->
</testsuite> <!-- Default test(failed)(failed) -->
