<?xml version="1.0" encoding="UTF-8"?>
<testng-results ignored="2" total="4" passed="2" failed="0" skipped="0">
  <reporter-output>
    <line>
      <![CDATA[Login to Application]]>
    </line>
  </reporter-output>
  <suite started-at="2022-07-11T09:07:22 IST" name="Default suite" finished-at="2022-07-11T09:07:59 IST" duration-ms="36949">
    <groups>
    </groups>
    <test started-at="2022-07-11T09:07:22 IST" name="Default test" finished-at="2022-07-11T09:07:59 IST" duration-ms="36949">
      <class name="TestCases.LoginPageTest">
        <test-method is-config="true" signature="setUp()[pri:0, instance:TestCases.LoginPageTest@34129c78]" started-at="2022-07-11T09:07:22 IST" name="setUp" finished-at="2022-07-11T09:07:43 IST" duration-ms="20371" status="PASS">
          <reporter-output>
          </reporter-output>
        </test-method> <!-- setUp -->
        <test-method signature="loginToAppTest()[pri:0, instance:TestCases.LoginPageTest@34129c78]" started-at="2022-07-11T09:07:43 IST" name="loginToAppTest" finished-at="2022-07-11T09:07:45 IST" duration-ms="2541" status="PASS">
          <reporter-output>
            <line>
              <![CDATA[Login to Application]]>
            </line>
          </reporter-output>
        </test-method> <!-- loginToAppTest -->
        <test-method is-config="true" signature="exit()[pri:0, instance:TestCases.LoginPageTest@34129c78]" started-at="2022-07-11T09:07:45 IST" name="exit" finished-at="2022-07-11T09:07:46 IST" duration-ms="665" status="PASS">
          <reporter-output>
          </reporter-output>
        </test-method> <!-- exit -->
        <test-method is-config="true" signature="setUp()[pri:0, instance:TestCases.LoginPageTest@34129c78]" started-at="2022-07-11T09:07:46 IST" name="setUp" finished-at="2022-07-11T09:07:59 IST" duration-ms="12761" status="PASS">
          <reporter-output>
          </reporter-output>
        </test-method> <!-- setUp -->
        <test-method signature="verifyTitleTest()[pri:0, instance:TestCases.LoginPageTest@34129c78]" started-at="2022-07-11T09:07:59 IST" name="verifyTitleTest" finished-at="2022-07-11T09:07:59 IST" duration-ms="17" status="PASS">
          <reporter-output>
          </reporter-output>
        </test-method> <!-- verifyTitleTest -->
        <test-method is-config="true" signature="exit()[pri:0, instance:TestCases.LoginPageTest@34129c78]" started-at="2022-07-11T09:07:59 IST" name="exit" finished-at="2022-07-11T09:07:59 IST" duration-ms="474" status="PASS">
          <reporter-output>
          </reporter-output>
        </test-method> <!-- exit -->
      </class> <!-- TestCases.LoginPageTest -->
    </test> <!-- Default test -->
  </suite> <!-- Default suite -->
</testng-results>
